<?xml version="1.0" encoding="UTF-8"?>
<testng-results ignored="0" total="1" passed="1" failed="0" skipped="0">
  <reporter-output>
  </reporter-output>
  <suite started-at="2025-03-23T23:18:22 IST" name="Default suite" finished-at="2025-03-23T23:18:27 IST" duration-ms="4707">
    <groups>
      <group name="cucumber">
        <method signature="AbstractTestNGCucumberTests.runScenario(io.cucumber.testng.PickleWrapper,io.cucumber.testng.FeatureWrapper)[pri:0, instance:runners.TestRunner@2df3b89c]" name="runScenario" class="io.cucumber.testng.AbstractTestNGCucumberTests"/>
      </group> <!-- cucumber -->
    </groups>
    <test started-at="2025-03-23T23:18:22 IST" name="Default test" finished-at="2025-03-23T23:18:27 IST" duration-ms="4707">
      <class name="runners.TestRunner">
        <test-method is-config="true" signature="setUpClass(org.testng.ITestContext)[pri:0, instance:runners.TestRunner@2df3b89c]" started-at="2025-03-23T23:18:22 IST" name="setUpClass" finished-at="2025-03-23T23:18:23 IST" duration-ms="644" status="PASS">
          <params>
            <param index="0">
              <value>
                <![CDATA[org.testng.TestRunner@2c678c7b]]>
              </value>
            </param>
          </params>
          <reporter-output>
          </reporter-output>
        </test-method> <!-- setUpClass -->
        <test-method signature="runScenario(io.cucumber.testng.PickleWrapper,io.cucumber.testng.FeatureWrapper)[pri:0, instance:runners.TestRunner@2df3b89c]" started-at="2025-03-23T23:18:23 IST" name="runScenario" description="Runs Cucumber Scenarios" data-provider="scenarios" finished-at="2025-03-23T23:18:27 IST" duration-ms="3936" status="PASS">
          <params>
            <param index="0">
              <value>
                <![CDATA["Validate Users in FanCode City have completed more than 50% tasks"]]>
              </value>
            </param>
            <param index="1">
              <value>
                <![CDATA["Validate Task Completion for FanCode City Users"]]>
              </value>
            </param>
          </params>
          <reporter-output>
          </reporter-output>
        </test-method> <!-- runScenario -->
        <test-method is-config="true" signature="tearDownClass()[pri:0, instance:runners.TestRunner@2df3b89c]" started-at="2025-03-23T23:18:27 IST" name="tearDownClass" finished-at="2025-03-23T23:18:27 IST" duration-ms="58" status="PASS">
          <reporter-output>
          </reporter-output>
        </test-method> <!-- tearDownClass -->
      </class> <!-- runners.TestRunner -->
    </test> <!-- Default test -->
  </suite> <!-- Default suite -->
</testng-results>
